<?xml version="1.0" encoding="UTF-8"?>
<testng-results skipped="0" failed="0" total="1" passed="1">
  <reporter-output>
  </reporter-output>
  <suite name="Default suite" duration-ms="42891" started-at="2019-04-05T10:33:56Z" finished-at="2019-04-05T10:34:38Z">
    <groups>
    </groups>
    <test name="Default test" duration-ms="42891" started-at="2019-04-05T10:33:56Z" finished-at="2019-04-05T10:34:38Z">
      <class name="Tests.AddEmployementFeature">
        <test-method status="PASS" signature="openBrowser()[pri:0, instance:Tests.AddEmployementFeature@7a92922]" name="openBrowser" is-config="true" duration-ms="4445" started-at="2019-04-05T16:03:56Z" finished-at="2019-04-05T16:04:00Z">
          <reporter-output>
          </reporter-output>
        </test-method> <!-- openBrowser -->
        <test-method status="PASS" signature="testEmployerNameValueSuccess()[pri:0, instance:Tests.AddEmployementFeature@7a92922]" name="testEmployerNameValueSuccess" duration-ms="38312" started-at="2019-04-05T16:04:00Z" finished-at="2019-04-05T16:04:38Z">
          <reporter-output>
          </reporter-output>
        </test-method> <!-- testEmployerNameValueSuccess -->
        <test-method status="PASS" signature="closeBrowser()[pri:0, instance:Tests.AddEmployementFeature@7a92922]" name="closeBrowser" is-config="true" duration-ms="122" started-at="2019-04-05T16:04:38Z" finished-at="2019-04-05T16:04:38Z">
          <reporter-output>
          </reporter-output>
        </test-method> <!-- closeBrowser -->
      </class> <!-- Tests.AddEmployementFeature -->
    </test> <!-- Default test -->
  </suite> <!-- Default suite -->
</testng-results>
